<?xml version="1.0" encoding="UTF-8"?>
<testng-results ignored="0" total="2" passed="2" failed="0" skipped="0">
  <reporter-output>
  </reporter-output>
  <suite started-at="2024-08-31T17:54:47 IST" name="Default suite" finished-at="2024-08-31T17:56:13 IST" duration-ms="85661">
    <groups>
    </groups>
    <test started-at="2024-08-31T17:54:47 IST" name="Default test" finished-at="2024-08-31T17:56:13 IST" duration-ms="85661">
      <class name="testcase.TestCase01">
        <test-method signature="Test_In_Chrome()[pri:0, instance:testcase.TestCase01@5f9b2141]" started-at="2024-08-31T17:54:47 IST" name="Test_In_Chrome" finished-at="2024-08-31T17:55:28 IST" duration-ms="40637" status="PASS">
          <reporter-output>
          </reporter-output>
        </test-method> <!-- Test_In_Chrome -->
        <test-method signature="Test_In_Firefox()[pri:0, instance:testcase.TestCase01@5f9b2141]" started-at="2024-08-31T17:55:28 IST" name="Test_In_Firefox" finished-at="2024-08-31T17:56:13 IST" duration-ms="44985" status="PASS">
          <reporter-output>
          </reporter-output>
        </test-method> <!-- Test_In_Firefox -->
      </class> <!-- testcase.TestCase01 -->
    </test> <!-- Default test -->
  </suite> <!-- Default suite -->
</testng-results>
